<?xml version="1.0" encoding="UTF-8"?>
<!-- Generated by org.testng.reporters.JUnitXMLReporter -->
<testsuite ignored="0" hostname="RajneeshJatt" failures="0" tests="7" name="InventoryTest" time="35.465" errors="0" timestamp="2022-01-24T17:31:24 IST">
  <testcase classname="com.aspireapp.automation.test.LoginTest" name="verifyLoginFunctionality" time="6.433"/>
  <testcase classname="com.aspireapp.automation.test.InventoryTest" name="verifyInventorySectionDisplayed" time="7.445"/>
  <testcase classname="com.aspireapp.automation.test.InventoryTest" name="verifyCreateProductsSectionDisplayed" time="4.598"/>
  <testcase classname="com.aspireapp.automation.test.InventoryTest" name="verifyCreateProductFormDisplayed" time="3.916"/>
  <testcase classname="com.aspireapp.automation.test.InventoryTest" name="verifyCreateProductFunctionality" time="2.6"/>
  <testcase classname="com.aspireapp.automation.test.InventoryTest" name="verifyManufactoringSectionDisplayed" time="3.398"/>
  <testcase classname="com.aspireapp.automation.test.InventoryTest" name="verifyCreateManufacturingItem" time="2.515"/>
</testsuite> <!-- InventoryTest -->
