<?xml version="1.0" encoding="UTF-8"?>
<testng-results ignored="0" total="6" passed="6" failed="0" skipped="0">
  <reporter-output>
  </reporter-output>
  <suite started-at="2022-01-24T17:30:48 IST" name="desktop" finished-at="2022-01-24T17:31:24 IST" duration-ms="35465">
    <groups>
    </groups>
    <test started-at="2022-01-24T17:30:48 IST" name="InventoryTest" finished-at="2022-01-24T17:31:24 IST" duration-ms="35465">
      <class name="com.aspireapp.automation.test.InventoryTest">
        <test-method is-config="true" signature="beforeClass()[pri:0, instance:com.aspireapp.automation.test.InventoryTest@27ae2fd0]" started-at="2022-01-24T17:30:48 IST" name="beforeClass" finished-at="2022-01-24T17:30:59 IST" duration-ms="10798" status="PASS">
          <reporter-output>
          </reporter-output>
        </test-method> <!-- beforeClass -->
        <test-method is-config="true" signature="initBeforeMethodCalls()[pri:0, instance:com.aspireapp.automation.test.InventoryTest@27ae2fd0]" started-at="2022-01-24T17:30:59 IST" name="initBeforeMethodCalls" finished-at="2022-01-24T17:30:59 IST" duration-ms="1" status="PASS">
          <reporter-output>
          </reporter-output>
        </test-method> <!-- initBeforeMethodCalls -->
        <test-method signature="verifyInventorySectionDisplayed()[pri:1, instance:com.aspireapp.automation.test.InventoryTest@27ae2fd0]" started-at="2022-01-24T17:30:59 IST" name="verifyInventorySectionDisplayed" finished-at="2022-01-24T17:31:07 IST" duration-ms="7445" status="PASS">
          <reporter-output>
          </reporter-output>
        </test-method> <!-- verifyInventorySectionDisplayed -->
        <test-method signature="verifyCreateProductsSectionDisplayed()[pri:2, instance:com.aspireapp.automation.test.InventoryTest@27ae2fd0]" started-at="2022-01-24T17:31:07 IST" name="verifyCreateProductsSectionDisplayed" finished-at="2022-01-24T17:31:11 IST" duration-ms="4598" status="PASS">
          <reporter-output>
          </reporter-output>
        </test-method> <!-- verifyCreateProductsSectionDisplayed -->
        <test-method is-config="true" signature="initBeforeMethodCalls()[pri:0, instance:com.aspireapp.automation.test.InventoryTest@27ae2fd0]" started-at="2022-01-24T17:31:07 IST" name="initBeforeMethodCalls" finished-at="2022-01-24T17:31:07 IST" duration-ms="0" status="PASS">
          <reporter-output>
          </reporter-output>
        </test-method> <!-- initBeforeMethodCalls -->
        <test-method is-config="true" signature="initBeforeMethodCalls()[pri:0, instance:com.aspireapp.automation.test.InventoryTest@27ae2fd0]" started-at="2022-01-24T17:31:11 IST" name="initBeforeMethodCalls" finished-at="2022-01-24T17:31:11 IST" duration-ms="1" status="PASS">
          <reporter-output>
          </reporter-output>
        </test-method> <!-- initBeforeMethodCalls -->
        <test-method signature="verifyCreateProductFormDisplayed()[pri:3, instance:com.aspireapp.automation.test.InventoryTest@27ae2fd0]" started-at="2022-01-24T17:31:11 IST" name="verifyCreateProductFormDisplayed" finished-at="2022-01-24T17:31:15 IST" duration-ms="3916" status="PASS">
          <reporter-output>
          </reporter-output>
        </test-method> <!-- verifyCreateProductFormDisplayed -->
        <test-method is-config="true" signature="initBeforeMethodCalls()[pri:0, instance:com.aspireapp.automation.test.InventoryTest@27ae2fd0]" started-at="2022-01-24T17:31:15 IST" name="initBeforeMethodCalls" finished-at="2022-01-24T17:31:15 IST" duration-ms="1" status="PASS">
          <reporter-output>
          </reporter-output>
        </test-method> <!-- initBeforeMethodCalls -->
        <test-method signature="verifyCreateProductFunctionality()[pri:4, instance:com.aspireapp.automation.test.InventoryTest@27ae2fd0]" started-at="2022-01-24T17:31:15 IST" name="verifyCreateProductFunctionality" finished-at="2022-01-24T17:31:18 IST" duration-ms="2600" status="PASS">
          <reporter-output>
          </reporter-output>
        </test-method> <!-- verifyCreateProductFunctionality -->
        <test-method is-config="true" signature="initBeforeMethodCalls()[pri:0, instance:com.aspireapp.automation.test.InventoryTest@27ae2fd0]" started-at="2022-01-24T17:31:18 IST" name="initBeforeMethodCalls" finished-at="2022-01-24T17:31:18 IST" duration-ms="1" status="PASS">
          <reporter-output>
          </reporter-output>
        </test-method> <!-- initBeforeMethodCalls -->
        <test-method signature="verifyManufactoringSectionDisplayed()[pri:5, instance:com.aspireapp.automation.test.InventoryTest@27ae2fd0]" started-at="2022-01-24T17:31:18 IST" name="verifyManufactoringSectionDisplayed" finished-at="2022-01-24T17:31:21 IST" duration-ms="3398" status="PASS">
          <reporter-output>
          </reporter-output>
        </test-method> <!-- verifyManufactoringSectionDisplayed -->
        <test-method is-config="true" signature="initBeforeMethodCalls()[pri:0, instance:com.aspireapp.automation.test.InventoryTest@27ae2fd0]" started-at="2022-01-24T17:31:21 IST" name="initBeforeMethodCalls" finished-at="2022-01-24T17:31:21 IST" duration-ms="0" status="PASS">
          <reporter-output>
          </reporter-output>
        </test-method> <!-- initBeforeMethodCalls -->
        <test-method signature="verifyCreateManufacturingItem()[pri:6, instance:com.aspireapp.automation.test.InventoryTest@27ae2fd0]" started-at="2022-01-24T17:31:21 IST" name="verifyCreateManufacturingItem" finished-at="2022-01-24T17:31:24 IST" duration-ms="2515" status="PASS">
          <reporter-output>
          </reporter-output>
        </test-method> <!-- verifyCreateManufacturingItem -->
        <test-method is-config="true" signature="afterClass(org.testng.ITestContext)[pri:0, instance:com.aspireapp.automation.test.InventoryTest@27ae2fd0]" started-at="2022-01-24T17:31:24 IST" name="afterClass" finished-at="2022-01-24T17:31:24 IST" duration-ms="103" status="PASS">
          <params>
            <param index="0">
              <value>
                <![CDATA[org.testng.TestRunner@59309333]]>
              </value>
            </param>
          </params>
          <reporter-output>
          </reporter-output>
        </test-method> <!-- afterClass -->
      </class> <!-- com.aspireapp.automation.test.InventoryTest -->
    </test> <!-- InventoryTest -->
  </suite> <!-- desktop -->
</testng-results>
